Created by PLY version 3.11 (http://www.dabeaz.com/ply)

Unused terminals:

    ARITH_OP
    AT
    BREAK
    CASE
    COMMENT
    ELSE
    EQUAL
    False
    GREATER_THAN
    GREATER_THAN_EQUAL
    LESS_THAN
    LESS_THAN_EQUAL
    MASTER
    NOT_EQUAL
    REPEAT
    THEN
    TRUE
    UNTIL
    WHEN
    WHILE

Grammar

Rule 0     S' -> program
Rule 1     program -> proc_declaration
Rule 2     proc_declaration -> PROC ID block SEMICOLON
Rule 3     block -> LPAREN statements RPAREN
Rule 4     statements -> statement
Rule 5     statements -> statements statement
Rule 6     statement -> variable_declaration SEMICOLON
Rule 7     statement -> variable_update SEMICOLON
Rule 8     statement -> alter_variable SEMICOLON
Rule 9     statement -> variable_with_alter SEMICOLON
Rule 10    statement -> variable_with_alterb SEMICOLON
Rule 11    statement -> signal_function SEMICOLON
Rule 12    statement -> view_signal_function SEMICOLON
Rule 13    statement -> is_true_function SEMICOLON
Rule 14    statement -> procedure_call SEMICOLON
Rule 15    statement -> print_statement SEMICOLON
Rule 16    variable_declaration -> NEW ID COMMA type_value
Rule 17    type_value -> LPAREN type COMMA expression RPAREN
Rule 18    type -> NUM
Rule 19    type -> BOOL
Rule 20    type -> STRING
Rule 21    expression -> value
Rule 22    expression -> ID
Rule 23    expression -> is_true_function
Rule 24    expression -> view_signal_function
Rule 25    expression -> expression ADD expression
Rule 26    expression -> expression SUB expression
Rule 27    expression -> expression MUL expression
Rule 28    expression -> expression DIV expression
Rule 29    expression -> expression REL_OP expression
Rule 30    value -> NUMBER
Rule 31    value -> BOOLEAN
Rule 32    value -> STRING
Rule 33    value -> LPAREN expression RPAREN
Rule 34    variable_update -> VALUES LPAREN ID COMMA expression RPAREN
Rule 35    alter_variable -> ALTER LPAREN ID COMMA operator COMMA NUMBER RPAREN
Rule 36    operator -> ADD
Rule 37    operator -> SUB
Rule 38    operator -> MUL
Rule 39    operator -> DIV
Rule 40    variable_with_alter -> VALUES LPAREN ID COMMA alter_variable RPAREN
Rule 41    variable_with_alterb -> ALTERB LPAREN ID RPAREN
Rule 42    signal_function -> SIGNAL LPAREN position_state COMMA position_state RPAREN
Rule 43    position_state -> expression
Rule 44    position_state -> ID
Rule 45    view_signal_function -> VIEWSIGNAL LPAREN position_state RPAREN
Rule 46    is_true_function -> ISTRUE LPAREN ID RPAREN
Rule 47    procedure_call -> CALL LPAREN RPAREN
Rule 48    print_statement -> PRINTVALUES LPAREN print_value_list RPAREN
Rule 49    print_value_list -> print_value
Rule 50    print_value_list -> print_value_list COMMA print_value
Rule 51    print_value -> STRING
Rule 52    print_value -> ID
Rule 53    print_value -> view_signal_function

Terminals, with rules where they appear

ADD                  : 25 36
ALTER                : 35
ALTERB               : 41
ARITH_OP             : 
AT                   : 
BOOL                 : 19
BOOLEAN              : 31
BREAK                : 
CALL                 : 47
CASE                 : 
COMMA                : 16 17 34 35 35 40 42 50
COMMENT              : 
DIV                  : 28 39
ELSE                 : 
EQUAL                : 
False                : 
GREATER_THAN         : 
GREATER_THAN_EQUAL   : 
ID                   : 2 16 22 34 35 40 41 44 46 52
ISTRUE               : 46
LESS_THAN            : 
LESS_THAN_EQUAL      : 
LPAREN               : 3 17 33 34 35 40 41 42 45 46 47 48
MASTER               : 
MUL                  : 27 38
NEW                  : 16
NOT_EQUAL            : 
NUM                  : 18
NUMBER               : 30 35
PRINTVALUES          : 48
PROC                 : 2
REL_OP               : 29
REPEAT               : 
RPAREN               : 3 17 33 34 35 40 41 42 45 46 47 48
SEMICOLON            : 2 6 7 8 9 10 11 12 13 14 15
SIGNAL               : 42
STRING               : 20 32 51
SUB                  : 26 37
THEN                 : 
TRUE                 : 
UNTIL                : 
VALUES               : 34 40
VIEWSIGNAL           : 45
WHEN                 : 
WHILE                : 
error                : 

Nonterminals, with rules where they appear

alter_variable       : 8 40
block                : 2
expression           : 17 25 25 26 26 27 27 28 28 29 29 33 34 43
is_true_function     : 13 23
operator             : 35
position_state       : 42 42 45
print_statement      : 15
print_value          : 49 50
print_value_list     : 48 50
proc_declaration     : 1
procedure_call       : 14
program              : 0
signal_function      : 11
statement            : 4 5
statements           : 3 5
type                 : 17
type_value           : 16
value                : 21
variable_declaration : 6
variable_update      : 7
variable_with_alter  : 9
variable_with_alterb : 10
view_signal_function : 12 24 53

Parsing method: LALR

state 0

    (0) S' -> . program
    (1) program -> . proc_declaration
    (2) proc_declaration -> . PROC ID block SEMICOLON

    PROC            shift and go to state 3

    program                        shift and go to state 1
    proc_declaration               shift and go to state 2

state 1

    (0) S' -> program .



state 2

    (1) program -> proc_declaration .

    $end            reduce using rule 1 (program -> proc_declaration .)


state 3

    (2) proc_declaration -> PROC . ID block SEMICOLON

    ID              shift and go to state 4


state 4

    (2) proc_declaration -> PROC ID . block SEMICOLON
    (3) block -> . LPAREN statements RPAREN

    LPAREN          shift and go to state 6

    block                          shift and go to state 5

state 5

    (2) proc_declaration -> PROC ID block . SEMICOLON

    SEMICOLON       shift and go to state 7


state 6

    (3) block -> LPAREN . statements RPAREN
    (4) statements -> . statement
    (5) statements -> . statements statement
    (6) statement -> . variable_declaration SEMICOLON
    (7) statement -> . variable_update SEMICOLON
    (8) statement -> . alter_variable SEMICOLON
    (9) statement -> . variable_with_alter SEMICOLON
    (10) statement -> . variable_with_alterb SEMICOLON
    (11) statement -> . signal_function SEMICOLON
    (12) statement -> . view_signal_function SEMICOLON
    (13) statement -> . is_true_function SEMICOLON
    (14) statement -> . procedure_call SEMICOLON
    (15) statement -> . print_statement SEMICOLON
    (16) variable_declaration -> . NEW ID COMMA type_value
    (34) variable_update -> . VALUES LPAREN ID COMMA expression RPAREN
    (35) alter_variable -> . ALTER LPAREN ID COMMA operator COMMA NUMBER RPAREN
    (40) variable_with_alter -> . VALUES LPAREN ID COMMA alter_variable RPAREN
    (41) variable_with_alterb -> . ALTERB LPAREN ID RPAREN
    (42) signal_function -> . SIGNAL LPAREN position_state COMMA position_state RPAREN
    (45) view_signal_function -> . VIEWSIGNAL LPAREN position_state RPAREN
    (46) is_true_function -> . ISTRUE LPAREN ID RPAREN
    (47) procedure_call -> . CALL LPAREN RPAREN
    (48) print_statement -> . PRINTVALUES LPAREN print_value_list RPAREN

    NEW             shift and go to state 20
    VALUES          shift and go to state 21
    ALTER           shift and go to state 22
    ALTERB          shift and go to state 23
    SIGNAL          shift and go to state 24
    VIEWSIGNAL      shift and go to state 25
    ISTRUE          shift and go to state 26
    CALL            shift and go to state 27
    PRINTVALUES     shift and go to state 28

    statements                     shift and go to state 8
    statement                      shift and go to state 9
    variable_declaration           shift and go to state 10
    variable_update                shift and go to state 11
    alter_variable                 shift and go to state 12
    variable_with_alter            shift and go to state 13
    variable_with_alterb           shift and go to state 14
    signal_function                shift and go to state 15
    view_signal_function           shift and go to state 16
    is_true_function               shift and go to state 17
    procedure_call                 shift and go to state 18
    print_statement                shift and go to state 19

state 7

    (2) proc_declaration -> PROC ID block SEMICOLON .

    $end            reduce using rule 2 (proc_declaration -> PROC ID block SEMICOLON .)


state 8

    (3) block -> LPAREN statements . RPAREN
    (5) statements -> statements . statement
    (6) statement -> . variable_declaration SEMICOLON
    (7) statement -> . variable_update SEMICOLON
    (8) statement -> . alter_variable SEMICOLON
    (9) statement -> . variable_with_alter SEMICOLON
    (10) statement -> . variable_with_alterb SEMICOLON
    (11) statement -> . signal_function SEMICOLON
    (12) statement -> . view_signal_function SEMICOLON
    (13) statement -> . is_true_function SEMICOLON
    (14) statement -> . procedure_call SEMICOLON
    (15) statement -> . print_statement SEMICOLON
    (16) variable_declaration -> . NEW ID COMMA type_value
    (34) variable_update -> . VALUES LPAREN ID COMMA expression RPAREN
    (35) alter_variable -> . ALTER LPAREN ID COMMA operator COMMA NUMBER RPAREN
    (40) variable_with_alter -> . VALUES LPAREN ID COMMA alter_variable RPAREN
    (41) variable_with_alterb -> . ALTERB LPAREN ID RPAREN
    (42) signal_function -> . SIGNAL LPAREN position_state COMMA position_state RPAREN
    (45) view_signal_function -> . VIEWSIGNAL LPAREN position_state RPAREN
    (46) is_true_function -> . ISTRUE LPAREN ID RPAREN
    (47) procedure_call -> . CALL LPAREN RPAREN
    (48) print_statement -> . PRINTVALUES LPAREN print_value_list RPAREN

    RPAREN          shift and go to state 29
    NEW             shift and go to state 20
    VALUES          shift and go to state 21
    ALTER           shift and go to state 22
    ALTERB          shift and go to state 23
    SIGNAL          shift and go to state 24
    VIEWSIGNAL      shift and go to state 25
    ISTRUE          shift and go to state 26
    CALL            shift and go to state 27
    PRINTVALUES     shift and go to state 28

    statement                      shift and go to state 30
    variable_declaration           shift and go to state 10
    variable_update                shift and go to state 11
    alter_variable                 shift and go to state 12
    variable_with_alter            shift and go to state 13
    variable_with_alterb           shift and go to state 14
    signal_function                shift and go to state 15
    view_signal_function           shift and go to state 16
    is_true_function               shift and go to state 17
    procedure_call                 shift and go to state 18
    print_statement                shift and go to state 19

state 9

    (4) statements -> statement .

    RPAREN          reduce using rule 4 (statements -> statement .)
    NEW             reduce using rule 4 (statements -> statement .)
    VALUES          reduce using rule 4 (statements -> statement .)
    ALTER           reduce using rule 4 (statements -> statement .)
    ALTERB          reduce using rule 4 (statements -> statement .)
    SIGNAL          reduce using rule 4 (statements -> statement .)
    VIEWSIGNAL      reduce using rule 4 (statements -> statement .)
    ISTRUE          reduce using rule 4 (statements -> statement .)
    CALL            reduce using rule 4 (statements -> statement .)
    PRINTVALUES     reduce using rule 4 (statements -> statement .)


state 10

    (6) statement -> variable_declaration . SEMICOLON

    SEMICOLON       shift and go to state 31


state 11

    (7) statement -> variable_update . SEMICOLON

    SEMICOLON       shift and go to state 32


state 12

    (8) statement -> alter_variable . SEMICOLON

    SEMICOLON       shift and go to state 33


state 13

    (9) statement -> variable_with_alter . SEMICOLON

    SEMICOLON       shift and go to state 34


state 14

    (10) statement -> variable_with_alterb . SEMICOLON

    SEMICOLON       shift and go to state 35


state 15

    (11) statement -> signal_function . SEMICOLON

    SEMICOLON       shift and go to state 36


state 16

    (12) statement -> view_signal_function . SEMICOLON

    SEMICOLON       shift and go to state 37


state 17

    (13) statement -> is_true_function . SEMICOLON

    SEMICOLON       shift and go to state 38


state 18

    (14) statement -> procedure_call . SEMICOLON

    SEMICOLON       shift and go to state 39


state 19

    (15) statement -> print_statement . SEMICOLON

    SEMICOLON       shift and go to state 40


state 20

    (16) variable_declaration -> NEW . ID COMMA type_value

    ID              shift and go to state 41


state 21

    (34) variable_update -> VALUES . LPAREN ID COMMA expression RPAREN
    (40) variable_with_alter -> VALUES . LPAREN ID COMMA alter_variable RPAREN

    LPAREN          shift and go to state 42


state 22

    (35) alter_variable -> ALTER . LPAREN ID COMMA operator COMMA NUMBER RPAREN

    LPAREN          shift and go to state 43


state 23

    (41) variable_with_alterb -> ALTERB . LPAREN ID RPAREN

    LPAREN          shift and go to state 44


state 24

    (42) signal_function -> SIGNAL . LPAREN position_state COMMA position_state RPAREN

    LPAREN          shift and go to state 45


state 25

    (45) view_signal_function -> VIEWSIGNAL . LPAREN position_state RPAREN

    LPAREN          shift and go to state 46


state 26

    (46) is_true_function -> ISTRUE . LPAREN ID RPAREN

    LPAREN          shift and go to state 47


state 27

    (47) procedure_call -> CALL . LPAREN RPAREN

    LPAREN          shift and go to state 48


state 28

    (48) print_statement -> PRINTVALUES . LPAREN print_value_list RPAREN

    LPAREN          shift and go to state 49


state 29

    (3) block -> LPAREN statements RPAREN .

    SEMICOLON       reduce using rule 3 (block -> LPAREN statements RPAREN .)


state 30

    (5) statements -> statements statement .

    RPAREN          reduce using rule 5 (statements -> statements statement .)
    NEW             reduce using rule 5 (statements -> statements statement .)
    VALUES          reduce using rule 5 (statements -> statements statement .)
    ALTER           reduce using rule 5 (statements -> statements statement .)
    ALTERB          reduce using rule 5 (statements -> statements statement .)
    SIGNAL          reduce using rule 5 (statements -> statements statement .)
    VIEWSIGNAL      reduce using rule 5 (statements -> statements statement .)
    ISTRUE          reduce using rule 5 (statements -> statements statement .)
    CALL            reduce using rule 5 (statements -> statements statement .)
    PRINTVALUES     reduce using rule 5 (statements -> statements statement .)


state 31

    (6) statement -> variable_declaration SEMICOLON .

    RPAREN          reduce using rule 6 (statement -> variable_declaration SEMICOLON .)
    NEW             reduce using rule 6 (statement -> variable_declaration SEMICOLON .)
    VALUES          reduce using rule 6 (statement -> variable_declaration SEMICOLON .)
    ALTER           reduce using rule 6 (statement -> variable_declaration SEMICOLON .)
    ALTERB          reduce using rule 6 (statement -> variable_declaration SEMICOLON .)
    SIGNAL          reduce using rule 6 (statement -> variable_declaration SEMICOLON .)
    VIEWSIGNAL      reduce using rule 6 (statement -> variable_declaration SEMICOLON .)
    ISTRUE          reduce using rule 6 (statement -> variable_declaration SEMICOLON .)
    CALL            reduce using rule 6 (statement -> variable_declaration SEMICOLON .)
    PRINTVALUES     reduce using rule 6 (statement -> variable_declaration SEMICOLON .)


state 32

    (7) statement -> variable_update SEMICOLON .

    RPAREN          reduce using rule 7 (statement -> variable_update SEMICOLON .)
    NEW             reduce using rule 7 (statement -> variable_update SEMICOLON .)
    VALUES          reduce using rule 7 (statement -> variable_update SEMICOLON .)
    ALTER           reduce using rule 7 (statement -> variable_update SEMICOLON .)
    ALTERB          reduce using rule 7 (statement -> variable_update SEMICOLON .)
    SIGNAL          reduce using rule 7 (statement -> variable_update SEMICOLON .)
    VIEWSIGNAL      reduce using rule 7 (statement -> variable_update SEMICOLON .)
    ISTRUE          reduce using rule 7 (statement -> variable_update SEMICOLON .)
    CALL            reduce using rule 7 (statement -> variable_update SEMICOLON .)
    PRINTVALUES     reduce using rule 7 (statement -> variable_update SEMICOLON .)


state 33

    (8) statement -> alter_variable SEMICOLON .

    RPAREN          reduce using rule 8 (statement -> alter_variable SEMICOLON .)
    NEW             reduce using rule 8 (statement -> alter_variable SEMICOLON .)
    VALUES          reduce using rule 8 (statement -> alter_variable SEMICOLON .)
    ALTER           reduce using rule 8 (statement -> alter_variable SEMICOLON .)
    ALTERB          reduce using rule 8 (statement -> alter_variable SEMICOLON .)
    SIGNAL          reduce using rule 8 (statement -> alter_variable SEMICOLON .)
    VIEWSIGNAL      reduce using rule 8 (statement -> alter_variable SEMICOLON .)
    ISTRUE          reduce using rule 8 (statement -> alter_variable SEMICOLON .)
    CALL            reduce using rule 8 (statement -> alter_variable SEMICOLON .)
    PRINTVALUES     reduce using rule 8 (statement -> alter_variable SEMICOLON .)


state 34

    (9) statement -> variable_with_alter SEMICOLON .

    RPAREN          reduce using rule 9 (statement -> variable_with_alter SEMICOLON .)
    NEW             reduce using rule 9 (statement -> variable_with_alter SEMICOLON .)
    VALUES          reduce using rule 9 (statement -> variable_with_alter SEMICOLON .)
    ALTER           reduce using rule 9 (statement -> variable_with_alter SEMICOLON .)
    ALTERB          reduce using rule 9 (statement -> variable_with_alter SEMICOLON .)
    SIGNAL          reduce using rule 9 (statement -> variable_with_alter SEMICOLON .)
    VIEWSIGNAL      reduce using rule 9 (statement -> variable_with_alter SEMICOLON .)
    ISTRUE          reduce using rule 9 (statement -> variable_with_alter SEMICOLON .)
    CALL            reduce using rule 9 (statement -> variable_with_alter SEMICOLON .)
    PRINTVALUES     reduce using rule 9 (statement -> variable_with_alter SEMICOLON .)


state 35

    (10) statement -> variable_with_alterb SEMICOLON .

    RPAREN          reduce using rule 10 (statement -> variable_with_alterb SEMICOLON .)
    NEW             reduce using rule 10 (statement -> variable_with_alterb SEMICOLON .)
    VALUES          reduce using rule 10 (statement -> variable_with_alterb SEMICOLON .)
    ALTER           reduce using rule 10 (statement -> variable_with_alterb SEMICOLON .)
    ALTERB          reduce using rule 10 (statement -> variable_with_alterb SEMICOLON .)
    SIGNAL          reduce using rule 10 (statement -> variable_with_alterb SEMICOLON .)
    VIEWSIGNAL      reduce using rule 10 (statement -> variable_with_alterb SEMICOLON .)
    ISTRUE          reduce using rule 10 (statement -> variable_with_alterb SEMICOLON .)
    CALL            reduce using rule 10 (statement -> variable_with_alterb SEMICOLON .)
    PRINTVALUES     reduce using rule 10 (statement -> variable_with_alterb SEMICOLON .)


state 36

    (11) statement -> signal_function SEMICOLON .

    RPAREN          reduce using rule 11 (statement -> signal_function SEMICOLON .)
    NEW             reduce using rule 11 (statement -> signal_function SEMICOLON .)
    VALUES          reduce using rule 11 (statement -> signal_function SEMICOLON .)
    ALTER           reduce using rule 11 (statement -> signal_function SEMICOLON .)
    ALTERB          reduce using rule 11 (statement -> signal_function SEMICOLON .)
    SIGNAL          reduce using rule 11 (statement -> signal_function SEMICOLON .)
    VIEWSIGNAL      reduce using rule 11 (statement -> signal_function SEMICOLON .)
    ISTRUE          reduce using rule 11 (statement -> signal_function SEMICOLON .)
    CALL            reduce using rule 11 (statement -> signal_function SEMICOLON .)
    PRINTVALUES     reduce using rule 11 (statement -> signal_function SEMICOLON .)


state 37

    (12) statement -> view_signal_function SEMICOLON .

    RPAREN          reduce using rule 12 (statement -> view_signal_function SEMICOLON .)
    NEW             reduce using rule 12 (statement -> view_signal_function SEMICOLON .)
    VALUES          reduce using rule 12 (statement -> view_signal_function SEMICOLON .)
    ALTER           reduce using rule 12 (statement -> view_signal_function SEMICOLON .)
    ALTERB          reduce using rule 12 (statement -> view_signal_function SEMICOLON .)
    SIGNAL          reduce using rule 12 (statement -> view_signal_function SEMICOLON .)
    VIEWSIGNAL      reduce using rule 12 (statement -> view_signal_function SEMICOLON .)
    ISTRUE          reduce using rule 12 (statement -> view_signal_function SEMICOLON .)
    CALL            reduce using rule 12 (statement -> view_signal_function SEMICOLON .)
    PRINTVALUES     reduce using rule 12 (statement -> view_signal_function SEMICOLON .)


state 38

    (13) statement -> is_true_function SEMICOLON .

    RPAREN          reduce using rule 13 (statement -> is_true_function SEMICOLON .)
    NEW             reduce using rule 13 (statement -> is_true_function SEMICOLON .)
    VALUES          reduce using rule 13 (statement -> is_true_function SEMICOLON .)
    ALTER           reduce using rule 13 (statement -> is_true_function SEMICOLON .)
    ALTERB          reduce using rule 13 (statement -> is_true_function SEMICOLON .)
    SIGNAL          reduce using rule 13 (statement -> is_true_function SEMICOLON .)
    VIEWSIGNAL      reduce using rule 13 (statement -> is_true_function SEMICOLON .)
    ISTRUE          reduce using rule 13 (statement -> is_true_function SEMICOLON .)
    CALL            reduce using rule 13 (statement -> is_true_function SEMICOLON .)
    PRINTVALUES     reduce using rule 13 (statement -> is_true_function SEMICOLON .)


state 39

    (14) statement -> procedure_call SEMICOLON .

    RPAREN          reduce using rule 14 (statement -> procedure_call SEMICOLON .)
    NEW             reduce using rule 14 (statement -> procedure_call SEMICOLON .)
    VALUES          reduce using rule 14 (statement -> procedure_call SEMICOLON .)
    ALTER           reduce using rule 14 (statement -> procedure_call SEMICOLON .)
    ALTERB          reduce using rule 14 (statement -> procedure_call SEMICOLON .)
    SIGNAL          reduce using rule 14 (statement -> procedure_call SEMICOLON .)
    VIEWSIGNAL      reduce using rule 14 (statement -> procedure_call SEMICOLON .)
    ISTRUE          reduce using rule 14 (statement -> procedure_call SEMICOLON .)
    CALL            reduce using rule 14 (statement -> procedure_call SEMICOLON .)
    PRINTVALUES     reduce using rule 14 (statement -> procedure_call SEMICOLON .)


state 40

    (15) statement -> print_statement SEMICOLON .

    RPAREN          reduce using rule 15 (statement -> print_statement SEMICOLON .)
    NEW             reduce using rule 15 (statement -> print_statement SEMICOLON .)
    VALUES          reduce using rule 15 (statement -> print_statement SEMICOLON .)
    ALTER           reduce using rule 15 (statement -> print_statement SEMICOLON .)
    ALTERB          reduce using rule 15 (statement -> print_statement SEMICOLON .)
    SIGNAL          reduce using rule 15 (statement -> print_statement SEMICOLON .)
    VIEWSIGNAL      reduce using rule 15 (statement -> print_statement SEMICOLON .)
    ISTRUE          reduce using rule 15 (statement -> print_statement SEMICOLON .)
    CALL            reduce using rule 15 (statement -> print_statement SEMICOLON .)
    PRINTVALUES     reduce using rule 15 (statement -> print_statement SEMICOLON .)


state 41

    (16) variable_declaration -> NEW ID . COMMA type_value

    COMMA           shift and go to state 50


state 42

    (34) variable_update -> VALUES LPAREN . ID COMMA expression RPAREN
    (40) variable_with_alter -> VALUES LPAREN . ID COMMA alter_variable RPAREN

    ID              shift and go to state 51


state 43

    (35) alter_variable -> ALTER LPAREN . ID COMMA operator COMMA NUMBER RPAREN

    ID              shift and go to state 52


state 44

    (41) variable_with_alterb -> ALTERB LPAREN . ID RPAREN

    ID              shift and go to state 53


state 45

    (42) signal_function -> SIGNAL LPAREN . position_state COMMA position_state RPAREN
    (43) position_state -> . expression
    (44) position_state -> . ID
    (21) expression -> . value
    (22) expression -> . ID
    (23) expression -> . is_true_function
    (24) expression -> . view_signal_function
    (25) expression -> . expression ADD expression
    (26) expression -> . expression SUB expression
    (27) expression -> . expression MUL expression
    (28) expression -> . expression DIV expression
    (29) expression -> . expression REL_OP expression
    (30) value -> . NUMBER
    (31) value -> . BOOLEAN
    (32) value -> . STRING
    (33) value -> . LPAREN expression RPAREN
    (46) is_true_function -> . ISTRUE LPAREN ID RPAREN
    (45) view_signal_function -> . VIEWSIGNAL LPAREN position_state RPAREN

    ID              shift and go to state 57
    NUMBER          shift and go to state 61
    BOOLEAN         shift and go to state 62
    STRING          shift and go to state 63
    LPAREN          shift and go to state 54
    ISTRUE          shift and go to state 26
    VIEWSIGNAL      shift and go to state 25

    position_state                 shift and go to state 55
    expression                     shift and go to state 56
    value                          shift and go to state 58
    is_true_function               shift and go to state 59
    view_signal_function           shift and go to state 60

state 46

    (45) view_signal_function -> VIEWSIGNAL LPAREN . position_state RPAREN
    (43) position_state -> . expression
    (44) position_state -> . ID
    (21) expression -> . value
    (22) expression -> . ID
    (23) expression -> . is_true_function
    (24) expression -> . view_signal_function
    (25) expression -> . expression ADD expression
    (26) expression -> . expression SUB expression
    (27) expression -> . expression MUL expression
    (28) expression -> . expression DIV expression
    (29) expression -> . expression REL_OP expression
    (30) value -> . NUMBER
    (31) value -> . BOOLEAN
    (32) value -> . STRING
    (33) value -> . LPAREN expression RPAREN
    (46) is_true_function -> . ISTRUE LPAREN ID RPAREN
    (45) view_signal_function -> . VIEWSIGNAL LPAREN position_state RPAREN

    ID              shift and go to state 57
    NUMBER          shift and go to state 61
    BOOLEAN         shift and go to state 62
    STRING          shift and go to state 63
    LPAREN          shift and go to state 54
    ISTRUE          shift and go to state 26
    VIEWSIGNAL      shift and go to state 25

    position_state                 shift and go to state 64
    expression                     shift and go to state 56
    value                          shift and go to state 58
    is_true_function               shift and go to state 59
    view_signal_function           shift and go to state 60

state 47

    (46) is_true_function -> ISTRUE LPAREN . ID RPAREN

    ID              shift and go to state 65


state 48

    (47) procedure_call -> CALL LPAREN . RPAREN

    RPAREN          shift and go to state 66


state 49

    (48) print_statement -> PRINTVALUES LPAREN . print_value_list RPAREN
    (49) print_value_list -> . print_value
    (50) print_value_list -> . print_value_list COMMA print_value
    (51) print_value -> . STRING
    (52) print_value -> . ID
    (53) print_value -> . view_signal_function
    (45) view_signal_function -> . VIEWSIGNAL LPAREN position_state RPAREN

    STRING          shift and go to state 69
    ID              shift and go to state 70
    VIEWSIGNAL      shift and go to state 25

    print_value_list               shift and go to state 67
    print_value                    shift and go to state 68
    view_signal_function           shift and go to state 71

state 50

    (16) variable_declaration -> NEW ID COMMA . type_value
    (17) type_value -> . LPAREN type COMMA expression RPAREN

    LPAREN          shift and go to state 73

    type_value                     shift and go to state 72

state 51

    (34) variable_update -> VALUES LPAREN ID . COMMA expression RPAREN
    (40) variable_with_alter -> VALUES LPAREN ID . COMMA alter_variable RPAREN

    COMMA           shift and go to state 74


state 52

    (35) alter_variable -> ALTER LPAREN ID . COMMA operator COMMA NUMBER RPAREN

    COMMA           shift and go to state 75


state 53

    (41) variable_with_alterb -> ALTERB LPAREN ID . RPAREN

    RPAREN          shift and go to state 76


state 54

    (33) value -> LPAREN . expression RPAREN
    (21) expression -> . value
    (22) expression -> . ID
    (23) expression -> . is_true_function
    (24) expression -> . view_signal_function
    (25) expression -> . expression ADD expression
    (26) expression -> . expression SUB expression
    (27) expression -> . expression MUL expression
    (28) expression -> . expression DIV expression
    (29) expression -> . expression REL_OP expression
    (30) value -> . NUMBER
    (31) value -> . BOOLEAN
    (32) value -> . STRING
    (33) value -> . LPAREN expression RPAREN
    (46) is_true_function -> . ISTRUE LPAREN ID RPAREN
    (45) view_signal_function -> . VIEWSIGNAL LPAREN position_state RPAREN

    ID              shift and go to state 78
    NUMBER          shift and go to state 61
    BOOLEAN         shift and go to state 62
    STRING          shift and go to state 63
    LPAREN          shift and go to state 54
    ISTRUE          shift and go to state 26
    VIEWSIGNAL      shift and go to state 25

    expression                     shift and go to state 77
    value                          shift and go to state 58
    is_true_function               shift and go to state 59
    view_signal_function           shift and go to state 60

state 55

    (42) signal_function -> SIGNAL LPAREN position_state . COMMA position_state RPAREN

    COMMA           shift and go to state 79


state 56

    (43) position_state -> expression .
    (25) expression -> expression . ADD expression
    (26) expression -> expression . SUB expression
    (27) expression -> expression . MUL expression
    (28) expression -> expression . DIV expression
    (29) expression -> expression . REL_OP expression

    COMMA           reduce using rule 43 (position_state -> expression .)
    RPAREN          reduce using rule 43 (position_state -> expression .)
    ADD             shift and go to state 80
    SUB             shift and go to state 81
    MUL             shift and go to state 82
    DIV             shift and go to state 83
    REL_OP          shift and go to state 84


state 57

    (44) position_state -> ID .
    (22) expression -> ID .

  ! reduce/reduce conflict for COMMA resolved using rule 22 (expression -> ID .)
  ! reduce/reduce conflict for RPAREN resolved using rule 22 (expression -> ID .)
    ADD             reduce using rule 22 (expression -> ID .)
    SUB             reduce using rule 22 (expression -> ID .)
    MUL             reduce using rule 22 (expression -> ID .)
    DIV             reduce using rule 22 (expression -> ID .)
    REL_OP          reduce using rule 22 (expression -> ID .)
    COMMA           reduce using rule 22 (expression -> ID .)
    RPAREN          reduce using rule 22 (expression -> ID .)

  ! COMMA           [ reduce using rule 44 (position_state -> ID .) ]
  ! RPAREN          [ reduce using rule 44 (position_state -> ID .) ]


state 58

    (21) expression -> value .

    ADD             reduce using rule 21 (expression -> value .)
    SUB             reduce using rule 21 (expression -> value .)
    MUL             reduce using rule 21 (expression -> value .)
    DIV             reduce using rule 21 (expression -> value .)
    REL_OP          reduce using rule 21 (expression -> value .)
    COMMA           reduce using rule 21 (expression -> value .)
    RPAREN          reduce using rule 21 (expression -> value .)


state 59

    (23) expression -> is_true_function .

    ADD             reduce using rule 23 (expression -> is_true_function .)
    SUB             reduce using rule 23 (expression -> is_true_function .)
    MUL             reduce using rule 23 (expression -> is_true_function .)
    DIV             reduce using rule 23 (expression -> is_true_function .)
    REL_OP          reduce using rule 23 (expression -> is_true_function .)
    COMMA           reduce using rule 23 (expression -> is_true_function .)
    RPAREN          reduce using rule 23 (expression -> is_true_function .)


state 60

    (24) expression -> view_signal_function .

    ADD             reduce using rule 24 (expression -> view_signal_function .)
    SUB             reduce using rule 24 (expression -> view_signal_function .)
    MUL             reduce using rule 24 (expression -> view_signal_function .)
    DIV             reduce using rule 24 (expression -> view_signal_function .)
    REL_OP          reduce using rule 24 (expression -> view_signal_function .)
    COMMA           reduce using rule 24 (expression -> view_signal_function .)
    RPAREN          reduce using rule 24 (expression -> view_signal_function .)


state 61

    (30) value -> NUMBER .

    ADD             reduce using rule 30 (value -> NUMBER .)
    SUB             reduce using rule 30 (value -> NUMBER .)
    MUL             reduce using rule 30 (value -> NUMBER .)
    DIV             reduce using rule 30 (value -> NUMBER .)
    REL_OP          reduce using rule 30 (value -> NUMBER .)
    COMMA           reduce using rule 30 (value -> NUMBER .)
    RPAREN          reduce using rule 30 (value -> NUMBER .)


state 62

    (31) value -> BOOLEAN .

    ADD             reduce using rule 31 (value -> BOOLEAN .)
    SUB             reduce using rule 31 (value -> BOOLEAN .)
    MUL             reduce using rule 31 (value -> BOOLEAN .)
    DIV             reduce using rule 31 (value -> BOOLEAN .)
    REL_OP          reduce using rule 31 (value -> BOOLEAN .)
    COMMA           reduce using rule 31 (value -> BOOLEAN .)
    RPAREN          reduce using rule 31 (value -> BOOLEAN .)


state 63

    (32) value -> STRING .

    ADD             reduce using rule 32 (value -> STRING .)
    SUB             reduce using rule 32 (value -> STRING .)
    MUL             reduce using rule 32 (value -> STRING .)
    DIV             reduce using rule 32 (value -> STRING .)
    REL_OP          reduce using rule 32 (value -> STRING .)
    COMMA           reduce using rule 32 (value -> STRING .)
    RPAREN          reduce using rule 32 (value -> STRING .)


state 64

    (45) view_signal_function -> VIEWSIGNAL LPAREN position_state . RPAREN

    RPAREN          shift and go to state 85


state 65

    (46) is_true_function -> ISTRUE LPAREN ID . RPAREN

    RPAREN          shift and go to state 86


state 66

    (47) procedure_call -> CALL LPAREN RPAREN .

    SEMICOLON       reduce using rule 47 (procedure_call -> CALL LPAREN RPAREN .)


state 67

    (48) print_statement -> PRINTVALUES LPAREN print_value_list . RPAREN
    (50) print_value_list -> print_value_list . COMMA print_value

    RPAREN          shift and go to state 87
    COMMA           shift and go to state 88


state 68

    (49) print_value_list -> print_value .

    RPAREN          reduce using rule 49 (print_value_list -> print_value .)
    COMMA           reduce using rule 49 (print_value_list -> print_value .)


state 69

    (51) print_value -> STRING .

    RPAREN          reduce using rule 51 (print_value -> STRING .)
    COMMA           reduce using rule 51 (print_value -> STRING .)


state 70

    (52) print_value -> ID .

    RPAREN          reduce using rule 52 (print_value -> ID .)
    COMMA           reduce using rule 52 (print_value -> ID .)


state 71

    (53) print_value -> view_signal_function .

    RPAREN          reduce using rule 53 (print_value -> view_signal_function .)
    COMMA           reduce using rule 53 (print_value -> view_signal_function .)


state 72

    (16) variable_declaration -> NEW ID COMMA type_value .

    SEMICOLON       reduce using rule 16 (variable_declaration -> NEW ID COMMA type_value .)


state 73

    (17) type_value -> LPAREN . type COMMA expression RPAREN
    (18) type -> . NUM
    (19) type -> . BOOL
    (20) type -> . STRING

    NUM             shift and go to state 90
    BOOL            shift and go to state 91
    STRING          shift and go to state 92

    type                           shift and go to state 89

state 74

    (34) variable_update -> VALUES LPAREN ID COMMA . expression RPAREN
    (40) variable_with_alter -> VALUES LPAREN ID COMMA . alter_variable RPAREN
    (21) expression -> . value
    (22) expression -> . ID
    (23) expression -> . is_true_function
    (24) expression -> . view_signal_function
    (25) expression -> . expression ADD expression
    (26) expression -> . expression SUB expression
    (27) expression -> . expression MUL expression
    (28) expression -> . expression DIV expression
    (29) expression -> . expression REL_OP expression
    (35) alter_variable -> . ALTER LPAREN ID COMMA operator COMMA NUMBER RPAREN
    (30) value -> . NUMBER
    (31) value -> . BOOLEAN
    (32) value -> . STRING
    (33) value -> . LPAREN expression RPAREN
    (46) is_true_function -> . ISTRUE LPAREN ID RPAREN
    (45) view_signal_function -> . VIEWSIGNAL LPAREN position_state RPAREN

    ID              shift and go to state 78
    ALTER           shift and go to state 22
    NUMBER          shift and go to state 61
    BOOLEAN         shift and go to state 62
    STRING          shift and go to state 63
    LPAREN          shift and go to state 54
    ISTRUE          shift and go to state 26
    VIEWSIGNAL      shift and go to state 25

    expression                     shift and go to state 93
    alter_variable                 shift and go to state 94
    value                          shift and go to state 58
    is_true_function               shift and go to state 59
    view_signal_function           shift and go to state 60

state 75

    (35) alter_variable -> ALTER LPAREN ID COMMA . operator COMMA NUMBER RPAREN
    (36) operator -> . ADD
    (37) operator -> . SUB
    (38) operator -> . MUL
    (39) operator -> . DIV

    ADD             shift and go to state 96
    SUB             shift and go to state 97
    MUL             shift and go to state 98
    DIV             shift and go to state 99

    operator                       shift and go to state 95

state 76

    (41) variable_with_alterb -> ALTERB LPAREN ID RPAREN .

    SEMICOLON       reduce using rule 41 (variable_with_alterb -> ALTERB LPAREN ID RPAREN .)


state 77

    (33) value -> LPAREN expression . RPAREN
    (25) expression -> expression . ADD expression
    (26) expression -> expression . SUB expression
    (27) expression -> expression . MUL expression
    (28) expression -> expression . DIV expression
    (29) expression -> expression . REL_OP expression

    RPAREN          shift and go to state 100
    ADD             shift and go to state 80
    SUB             shift and go to state 81
    MUL             shift and go to state 82
    DIV             shift and go to state 83
    REL_OP          shift and go to state 84


state 78

    (22) expression -> ID .

    RPAREN          reduce using rule 22 (expression -> ID .)
    ADD             reduce using rule 22 (expression -> ID .)
    SUB             reduce using rule 22 (expression -> ID .)
    MUL             reduce using rule 22 (expression -> ID .)
    DIV             reduce using rule 22 (expression -> ID .)
    REL_OP          reduce using rule 22 (expression -> ID .)
    COMMA           reduce using rule 22 (expression -> ID .)


state 79

    (42) signal_function -> SIGNAL LPAREN position_state COMMA . position_state RPAREN
    (43) position_state -> . expression
    (44) position_state -> . ID
    (21) expression -> . value
    (22) expression -> . ID
    (23) expression -> . is_true_function
    (24) expression -> . view_signal_function
    (25) expression -> . expression ADD expression
    (26) expression -> . expression SUB expression
    (27) expression -> . expression MUL expression
    (28) expression -> . expression DIV expression
    (29) expression -> . expression REL_OP expression
    (30) value -> . NUMBER
    (31) value -> . BOOLEAN
    (32) value -> . STRING
    (33) value -> . LPAREN expression RPAREN
    (46) is_true_function -> . ISTRUE LPAREN ID RPAREN
    (45) view_signal_function -> . VIEWSIGNAL LPAREN position_state RPAREN

    ID              shift and go to state 57
    NUMBER          shift and go to state 61
    BOOLEAN         shift and go to state 62
    STRING          shift and go to state 63
    LPAREN          shift and go to state 54
    ISTRUE          shift and go to state 26
    VIEWSIGNAL      shift and go to state 25

    position_state                 shift and go to state 101
    expression                     shift and go to state 56
    value                          shift and go to state 58
    is_true_function               shift and go to state 59
    view_signal_function           shift and go to state 60

state 80

    (25) expression -> expression ADD . expression
    (21) expression -> . value
    (22) expression -> . ID
    (23) expression -> . is_true_function
    (24) expression -> . view_signal_function
    (25) expression -> . expression ADD expression
    (26) expression -> . expression SUB expression
    (27) expression -> . expression MUL expression
    (28) expression -> . expression DIV expression
    (29) expression -> . expression REL_OP expression
    (30) value -> . NUMBER
    (31) value -> . BOOLEAN
    (32) value -> . STRING
    (33) value -> . LPAREN expression RPAREN
    (46) is_true_function -> . ISTRUE LPAREN ID RPAREN
    (45) view_signal_function -> . VIEWSIGNAL LPAREN position_state RPAREN

    ID              shift and go to state 78
    NUMBER          shift and go to state 61
    BOOLEAN         shift and go to state 62
    STRING          shift and go to state 63
    LPAREN          shift and go to state 54
    ISTRUE          shift and go to state 26
    VIEWSIGNAL      shift and go to state 25

    expression                     shift and go to state 102
    value                          shift and go to state 58
    is_true_function               shift and go to state 59
    view_signal_function           shift and go to state 60

state 81

    (26) expression -> expression SUB . expression
    (21) expression -> . value
    (22) expression -> . ID
    (23) expression -> . is_true_function
    (24) expression -> . view_signal_function
    (25) expression -> . expression ADD expression
    (26) expression -> . expression SUB expression
    (27) expression -> . expression MUL expression
    (28) expression -> . expression DIV expression
    (29) expression -> . expression REL_OP expression
    (30) value -> . NUMBER
    (31) value -> . BOOLEAN
    (32) value -> . STRING
    (33) value -> . LPAREN expression RPAREN
    (46) is_true_function -> . ISTRUE LPAREN ID RPAREN
    (45) view_signal_function -> . VIEWSIGNAL LPAREN position_state RPAREN

    ID              shift and go to state 78
    NUMBER          shift and go to state 61
    BOOLEAN         shift and go to state 62
    STRING          shift and go to state 63
    LPAREN          shift and go to state 54
    ISTRUE          shift and go to state 26
    VIEWSIGNAL      shift and go to state 25

    expression                     shift and go to state 103
    value                          shift and go to state 58
    is_true_function               shift and go to state 59
    view_signal_function           shift and go to state 60

state 82

    (27) expression -> expression MUL . expression
    (21) expression -> . value
    (22) expression -> . ID
    (23) expression -> . is_true_function
    (24) expression -> . view_signal_function
    (25) expression -> . expression ADD expression
    (26) expression -> . expression SUB expression
    (27) expression -> . expression MUL expression
    (28) expression -> . expression DIV expression
    (29) expression -> . expression REL_OP expression
    (30) value -> . NUMBER
    (31) value -> . BOOLEAN
    (32) value -> . STRING
    (33) value -> . LPAREN expression RPAREN
    (46) is_true_function -> . ISTRUE LPAREN ID RPAREN
    (45) view_signal_function -> . VIEWSIGNAL LPAREN position_state RPAREN

    ID              shift and go to state 78
    NUMBER          shift and go to state 61
    BOOLEAN         shift and go to state 62
    STRING          shift and go to state 63
    LPAREN          shift and go to state 54
    ISTRUE          shift and go to state 26
    VIEWSIGNAL      shift and go to state 25

    expression                     shift and go to state 104
    value                          shift and go to state 58
    is_true_function               shift and go to state 59
    view_signal_function           shift and go to state 60

state 83

    (28) expression -> expression DIV . expression
    (21) expression -> . value
    (22) expression -> . ID
    (23) expression -> . is_true_function
    (24) expression -> . view_signal_function
    (25) expression -> . expression ADD expression
    (26) expression -> . expression SUB expression
    (27) expression -> . expression MUL expression
    (28) expression -> . expression DIV expression
    (29) expression -> . expression REL_OP expression
    (30) value -> . NUMBER
    (31) value -> . BOOLEAN
    (32) value -> . STRING
    (33) value -> . LPAREN expression RPAREN
    (46) is_true_function -> . ISTRUE LPAREN ID RPAREN
    (45) view_signal_function -> . VIEWSIGNAL LPAREN position_state RPAREN

    ID              shift and go to state 78
    NUMBER          shift and go to state 61
    BOOLEAN         shift and go to state 62
    STRING          shift and go to state 63
    LPAREN          shift and go to state 54
    ISTRUE          shift and go to state 26
    VIEWSIGNAL      shift and go to state 25

    expression                     shift and go to state 105
    value                          shift and go to state 58
    is_true_function               shift and go to state 59
    view_signal_function           shift and go to state 60

state 84

    (29) expression -> expression REL_OP . expression
    (21) expression -> . value
    (22) expression -> . ID
    (23) expression -> . is_true_function
    (24) expression -> . view_signal_function
    (25) expression -> . expression ADD expression
    (26) expression -> . expression SUB expression
    (27) expression -> . expression MUL expression
    (28) expression -> . expression DIV expression
    (29) expression -> . expression REL_OP expression
    (30) value -> . NUMBER
    (31) value -> . BOOLEAN
    (32) value -> . STRING
    (33) value -> . LPAREN expression RPAREN
    (46) is_true_function -> . ISTRUE LPAREN ID RPAREN
    (45) view_signal_function -> . VIEWSIGNAL LPAREN position_state RPAREN

    ID              shift and go to state 78
    NUMBER          shift and go to state 61
    BOOLEAN         shift and go to state 62
    STRING          shift and go to state 63
    LPAREN          shift and go to state 54
    ISTRUE          shift and go to state 26
    VIEWSIGNAL      shift and go to state 25

    expression                     shift and go to state 106
    value                          shift and go to state 58
    is_true_function               shift and go to state 59
    view_signal_function           shift and go to state 60

state 85

    (45) view_signal_function -> VIEWSIGNAL LPAREN position_state RPAREN .

    SEMICOLON       reduce using rule 45 (view_signal_function -> VIEWSIGNAL LPAREN position_state RPAREN .)
    ADD             reduce using rule 45 (view_signal_function -> VIEWSIGNAL LPAREN position_state RPAREN .)
    SUB             reduce using rule 45 (view_signal_function -> VIEWSIGNAL LPAREN position_state RPAREN .)
    MUL             reduce using rule 45 (view_signal_function -> VIEWSIGNAL LPAREN position_state RPAREN .)
    DIV             reduce using rule 45 (view_signal_function -> VIEWSIGNAL LPAREN position_state RPAREN .)
    REL_OP          reduce using rule 45 (view_signal_function -> VIEWSIGNAL LPAREN position_state RPAREN .)
    COMMA           reduce using rule 45 (view_signal_function -> VIEWSIGNAL LPAREN position_state RPAREN .)
    RPAREN          reduce using rule 45 (view_signal_function -> VIEWSIGNAL LPAREN position_state RPAREN .)


state 86

    (46) is_true_function -> ISTRUE LPAREN ID RPAREN .

    SEMICOLON       reduce using rule 46 (is_true_function -> ISTRUE LPAREN ID RPAREN .)
    ADD             reduce using rule 46 (is_true_function -> ISTRUE LPAREN ID RPAREN .)
    SUB             reduce using rule 46 (is_true_function -> ISTRUE LPAREN ID RPAREN .)
    MUL             reduce using rule 46 (is_true_function -> ISTRUE LPAREN ID RPAREN .)
    DIV             reduce using rule 46 (is_true_function -> ISTRUE LPAREN ID RPAREN .)
    REL_OP          reduce using rule 46 (is_true_function -> ISTRUE LPAREN ID RPAREN .)
    COMMA           reduce using rule 46 (is_true_function -> ISTRUE LPAREN ID RPAREN .)
    RPAREN          reduce using rule 46 (is_true_function -> ISTRUE LPAREN ID RPAREN .)


state 87

    (48) print_statement -> PRINTVALUES LPAREN print_value_list RPAREN .

    SEMICOLON       reduce using rule 48 (print_statement -> PRINTVALUES LPAREN print_value_list RPAREN .)


state 88

    (50) print_value_list -> print_value_list COMMA . print_value
    (51) print_value -> . STRING
    (52) print_value -> . ID
    (53) print_value -> . view_signal_function
    (45) view_signal_function -> . VIEWSIGNAL LPAREN position_state RPAREN

    STRING          shift and go to state 69
    ID              shift and go to state 70
    VIEWSIGNAL      shift and go to state 25

    print_value                    shift and go to state 107
    view_signal_function           shift and go to state 71

state 89

    (17) type_value -> LPAREN type . COMMA expression RPAREN

    COMMA           shift and go to state 108


state 90

    (18) type -> NUM .

    COMMA           reduce using rule 18 (type -> NUM .)


state 91

    (19) type -> BOOL .

    COMMA           reduce using rule 19 (type -> BOOL .)


state 92

    (20) type -> STRING .

    COMMA           reduce using rule 20 (type -> STRING .)


state 93

    (34) variable_update -> VALUES LPAREN ID COMMA expression . RPAREN
    (25) expression -> expression . ADD expression
    (26) expression -> expression . SUB expression
    (27) expression -> expression . MUL expression
    (28) expression -> expression . DIV expression
    (29) expression -> expression . REL_OP expression

    RPAREN          shift and go to state 109
    ADD             shift and go to state 80
    SUB             shift and go to state 81
    MUL             shift and go to state 82
    DIV             shift and go to state 83
    REL_OP          shift and go to state 84


state 94

    (40) variable_with_alter -> VALUES LPAREN ID COMMA alter_variable . RPAREN

    RPAREN          shift and go to state 110


state 95

    (35) alter_variable -> ALTER LPAREN ID COMMA operator . COMMA NUMBER RPAREN

    COMMA           shift and go to state 111


state 96

    (36) operator -> ADD .

    COMMA           reduce using rule 36 (operator -> ADD .)


state 97

    (37) operator -> SUB .

    COMMA           reduce using rule 37 (operator -> SUB .)


state 98

    (38) operator -> MUL .

    COMMA           reduce using rule 38 (operator -> MUL .)


state 99

    (39) operator -> DIV .

    COMMA           reduce using rule 39 (operator -> DIV .)


state 100

    (33) value -> LPAREN expression RPAREN .

    ADD             reduce using rule 33 (value -> LPAREN expression RPAREN .)
    SUB             reduce using rule 33 (value -> LPAREN expression RPAREN .)
    MUL             reduce using rule 33 (value -> LPAREN expression RPAREN .)
    DIV             reduce using rule 33 (value -> LPAREN expression RPAREN .)
    REL_OP          reduce using rule 33 (value -> LPAREN expression RPAREN .)
    COMMA           reduce using rule 33 (value -> LPAREN expression RPAREN .)
    RPAREN          reduce using rule 33 (value -> LPAREN expression RPAREN .)


state 101

    (42) signal_function -> SIGNAL LPAREN position_state COMMA position_state . RPAREN

    RPAREN          shift and go to state 112


state 102

    (25) expression -> expression ADD expression .
    (25) expression -> expression . ADD expression
    (26) expression -> expression . SUB expression
    (27) expression -> expression . MUL expression
    (28) expression -> expression . DIV expression
    (29) expression -> expression . REL_OP expression

    ADD             reduce using rule 25 (expression -> expression ADD expression .)
    SUB             reduce using rule 25 (expression -> expression ADD expression .)
    REL_OP          reduce using rule 25 (expression -> expression ADD expression .)
    COMMA           reduce using rule 25 (expression -> expression ADD expression .)
    RPAREN          reduce using rule 25 (expression -> expression ADD expression .)
    MUL             shift and go to state 82
    DIV             shift and go to state 83

  ! MUL             [ reduce using rule 25 (expression -> expression ADD expression .) ]
  ! DIV             [ reduce using rule 25 (expression -> expression ADD expression .) ]
  ! ADD             [ shift and go to state 80 ]
  ! SUB             [ shift and go to state 81 ]
  ! REL_OP          [ shift and go to state 84 ]


state 103

    (26) expression -> expression SUB expression .
    (25) expression -> expression . ADD expression
    (26) expression -> expression . SUB expression
    (27) expression -> expression . MUL expression
    (28) expression -> expression . DIV expression
    (29) expression -> expression . REL_OP expression

    ADD             reduce using rule 26 (expression -> expression SUB expression .)
    SUB             reduce using rule 26 (expression -> expression SUB expression .)
    REL_OP          reduce using rule 26 (expression -> expression SUB expression .)
    COMMA           reduce using rule 26 (expression -> expression SUB expression .)
    RPAREN          reduce using rule 26 (expression -> expression SUB expression .)
    MUL             shift and go to state 82
    DIV             shift and go to state 83

  ! MUL             [ reduce using rule 26 (expression -> expression SUB expression .) ]
  ! DIV             [ reduce using rule 26 (expression -> expression SUB expression .) ]
  ! ADD             [ shift and go to state 80 ]
  ! SUB             [ shift and go to state 81 ]
  ! REL_OP          [ shift and go to state 84 ]


state 104

    (27) expression -> expression MUL expression .
    (25) expression -> expression . ADD expression
    (26) expression -> expression . SUB expression
    (27) expression -> expression . MUL expression
    (28) expression -> expression . DIV expression
    (29) expression -> expression . REL_OP expression

    ADD             reduce using rule 27 (expression -> expression MUL expression .)
    SUB             reduce using rule 27 (expression -> expression MUL expression .)
    MUL             reduce using rule 27 (expression -> expression MUL expression .)
    DIV             reduce using rule 27 (expression -> expression MUL expression .)
    REL_OP          reduce using rule 27 (expression -> expression MUL expression .)
    COMMA           reduce using rule 27 (expression -> expression MUL expression .)
    RPAREN          reduce using rule 27 (expression -> expression MUL expression .)

  ! ADD             [ shift and go to state 80 ]
  ! SUB             [ shift and go to state 81 ]
  ! MUL             [ shift and go to state 82 ]
  ! DIV             [ shift and go to state 83 ]
  ! REL_OP          [ shift and go to state 84 ]


state 105

    (28) expression -> expression DIV expression .
    (25) expression -> expression . ADD expression
    (26) expression -> expression . SUB expression
    (27) expression -> expression . MUL expression
    (28) expression -> expression . DIV expression
    (29) expression -> expression . REL_OP expression

    ADD             reduce using rule 28 (expression -> expression DIV expression .)
    SUB             reduce using rule 28 (expression -> expression DIV expression .)
    MUL             reduce using rule 28 (expression -> expression DIV expression .)
    DIV             reduce using rule 28 (expression -> expression DIV expression .)
    REL_OP          reduce using rule 28 (expression -> expression DIV expression .)
    COMMA           reduce using rule 28 (expression -> expression DIV expression .)
    RPAREN          reduce using rule 28 (expression -> expression DIV expression .)

  ! ADD             [ shift and go to state 80 ]
  ! SUB             [ shift and go to state 81 ]
  ! MUL             [ shift and go to state 82 ]
  ! DIV             [ shift and go to state 83 ]
  ! REL_OP          [ shift and go to state 84 ]


state 106

    (29) expression -> expression REL_OP expression .
    (25) expression -> expression . ADD expression
    (26) expression -> expression . SUB expression
    (27) expression -> expression . MUL expression
    (28) expression -> expression . DIV expression
    (29) expression -> expression . REL_OP expression

  ! shift/reduce conflict for ADD resolved as shift
  ! shift/reduce conflict for SUB resolved as shift
  ! shift/reduce conflict for MUL resolved as shift
  ! shift/reduce conflict for DIV resolved as shift
  ! shift/reduce conflict for REL_OP resolved as shift
    COMMA           reduce using rule 29 (expression -> expression REL_OP expression .)
    RPAREN          reduce using rule 29 (expression -> expression REL_OP expression .)
    ADD             shift and go to state 80
    SUB             shift and go to state 81
    MUL             shift and go to state 82
    DIV             shift and go to state 83
    REL_OP          shift and go to state 84

  ! ADD             [ reduce using rule 29 (expression -> expression REL_OP expression .) ]
  ! SUB             [ reduce using rule 29 (expression -> expression REL_OP expression .) ]
  ! MUL             [ reduce using rule 29 (expression -> expression REL_OP expression .) ]
  ! DIV             [ reduce using rule 29 (expression -> expression REL_OP expression .) ]
  ! REL_OP          [ reduce using rule 29 (expression -> expression REL_OP expression .) ]


state 107

    (50) print_value_list -> print_value_list COMMA print_value .

    RPAREN          reduce using rule 50 (print_value_list -> print_value_list COMMA print_value .)
    COMMA           reduce using rule 50 (print_value_list -> print_value_list COMMA print_value .)


state 108

    (17) type_value -> LPAREN type COMMA . expression RPAREN
    (21) expression -> . value
    (22) expression -> . ID
    (23) expression -> . is_true_function
    (24) expression -> . view_signal_function
    (25) expression -> . expression ADD expression
    (26) expression -> . expression SUB expression
    (27) expression -> . expression MUL expression
    (28) expression -> . expression DIV expression
    (29) expression -> . expression REL_OP expression
    (30) value -> . NUMBER
    (31) value -> . BOOLEAN
    (32) value -> . STRING
    (33) value -> . LPAREN expression RPAREN
    (46) is_true_function -> . ISTRUE LPAREN ID RPAREN
    (45) view_signal_function -> . VIEWSIGNAL LPAREN position_state RPAREN

    ID              shift and go to state 78
    NUMBER          shift and go to state 61
    BOOLEAN         shift and go to state 62
    STRING          shift and go to state 63
    LPAREN          shift and go to state 54
    ISTRUE          shift and go to state 26
    VIEWSIGNAL      shift and go to state 25

    expression                     shift and go to state 113
    value                          shift and go to state 58
    is_true_function               shift and go to state 59
    view_signal_function           shift and go to state 60

state 109

    (34) variable_update -> VALUES LPAREN ID COMMA expression RPAREN .

    SEMICOLON       reduce using rule 34 (variable_update -> VALUES LPAREN ID COMMA expression RPAREN .)


state 110

    (40) variable_with_alter -> VALUES LPAREN ID COMMA alter_variable RPAREN .

    SEMICOLON       reduce using rule 40 (variable_with_alter -> VALUES LPAREN ID COMMA alter_variable RPAREN .)


state 111

    (35) alter_variable -> ALTER LPAREN ID COMMA operator COMMA . NUMBER RPAREN

    NUMBER          shift and go to state 114


state 112

    (42) signal_function -> SIGNAL LPAREN position_state COMMA position_state RPAREN .

    SEMICOLON       reduce using rule 42 (signal_function -> SIGNAL LPAREN position_state COMMA position_state RPAREN .)


state 113

    (17) type_value -> LPAREN type COMMA expression . RPAREN
    (25) expression -> expression . ADD expression
    (26) expression -> expression . SUB expression
    (27) expression -> expression . MUL expression
    (28) expression -> expression . DIV expression
    (29) expression -> expression . REL_OP expression

    RPAREN          shift and go to state 115
    ADD             shift and go to state 80
    SUB             shift and go to state 81
    MUL             shift and go to state 82
    DIV             shift and go to state 83
    REL_OP          shift and go to state 84


state 114

    (35) alter_variable -> ALTER LPAREN ID COMMA operator COMMA NUMBER . RPAREN

    RPAREN          shift and go to state 116


state 115

    (17) type_value -> LPAREN type COMMA expression RPAREN .

    SEMICOLON       reduce using rule 17 (type_value -> LPAREN type COMMA expression RPAREN .)


state 116

    (35) alter_variable -> ALTER LPAREN ID COMMA operator COMMA NUMBER RPAREN .

    SEMICOLON       reduce using rule 35 (alter_variable -> ALTER LPAREN ID COMMA operator COMMA NUMBER RPAREN .)
    RPAREN          reduce using rule 35 (alter_variable -> ALTER LPAREN ID COMMA operator COMMA NUMBER RPAREN .)

WARNING: 
WARNING: Conflicts:
WARNING: 
WARNING: shift/reduce conflict for ADD in state 106 resolved as shift
WARNING: shift/reduce conflict for SUB in state 106 resolved as shift
WARNING: shift/reduce conflict for MUL in state 106 resolved as shift
WARNING: shift/reduce conflict for DIV in state 106 resolved as shift
WARNING: shift/reduce conflict for REL_OP in state 106 resolved as shift
WARNING: reduce/reduce conflict in state 57 resolved using rule (expression -> ID)
WARNING: rejected rule (position_state -> ID) in state 57
WARNING: Rule (position_state -> ID) is never reduced
